<?xml version="1.0" encoding="UTF-8"?>
<!-- Generated by org.testng.reporters.JUnitReportReporter -->
<testsuite hostname="NYC-EXPRESS-PC" name="com.spafinder.testcases.SelectCountry" tests="1" failures="0" timestamp="14 Jan 2016 02:17:49 GMT" time="32.225" errors="0">
  <testcase name="selectCountry" time="32.225" classname="com.spafinder.testcases.SelectCountry"/>
</testsuite> <!-- com.spafinder.testcases.SelectCountry -->
