<?xml version="1.0" encoding="UTF-8"?>
<!-- Generated by org.testng.reporters.JUnitReportReporter -->
<testsuite hostname="NYC-EXPRESS-PC" name="com.spafinder.testcases.SignUpForNewsletter" tests="1" failures="0" timestamp="14 Jan 2016 02:17:49 GMT" time="108.147" errors="0">
  <testcase name="newsLetterSignup" time="108.147" classname="com.spafinder.testcases.SignUpForNewsletter"/>
</testsuite> <!-- com.spafinder.testcases.SignUpForNewsletter -->
