<?xml version="1.0" encoding="UTF-8"?>
<!-- Generated by org.testng.reporters.JUnitReportReporter -->
<testsuite hostname="NYC-EXPRESS-PC" name="com.spafinder.testcases.FindAndBook_HomePage" tests="1" failures="0" timestamp="14 Jan 2016 02:17:49 GMT" time="25.652" errors="0">
  <testcase name="findAndBookOnSF" time="25.652" classname="com.spafinder.testcases.FindAndBook_HomePage"/>
</testsuite> <!-- com.spafinder.testcases.FindAndBook_HomePage -->
