<?xml version="1.0" encoding="UTF-8"?>
<!-- Generated by org.testng.reporters.JUnitReportReporter -->
<testsuite hostname="NYC-EXPRESS-PC" name="com.spafinder.testcases.AboutMe" tests="1" failures="0" timestamp="14 Jan 2016 02:17:49 GMT" time="37.803" errors="0">
  <testcase name="aboutMe" time="37.803" classname="com.spafinder.testcases.AboutMe"/>
</testsuite> <!-- com.spafinder.testcases.AboutMe -->
